10
Mon Feb 17 10:00:01 2025       
+---------------------------------------------------------------------------------------+
| NVIDIA-SMI 535.54.03              Driver Version: 535.54.03    CUDA Version: 12.2     |
|-----------------------------------------+----------------------+----------------------+
| GPU  Name                 Persistence-M | Bus-Id        Disp.A | Volatile Uncorr. ECC |
| Fan  Temp   Perf          Pwr:Usage/Cap |         Memory-Usage | GPU-Util  Compute M. |
|                                         |                      |               MIG M. |
|=========================================+======================+======================|
|   0  NVIDIA RTX A6000               On  | 00000000:01:00.0 Off |                  Off |
| 30%   26C    P8              23W / 300W |     12MiB / 49140MiB |      0%      Default |
|                                         |                      |                  N/A |
+-----------------------------------------+----------------------+----------------------+
|   1  NVIDIA RTX A6000               On  | 00000000:25:00.0 Off |                  Off |
| 30%   35C    P2              71W / 300W |  19810MiB / 49140MiB |      0%      Default |
|                                         |                      |                  N/A |
+-----------------------------------------+----------------------+----------------------+
|   2  NVIDIA RTX A6000               On  | 00000000:41:00.0 Off |                  Off |
| 30%   37C    P2              79W / 300W |  31996MiB / 49140MiB |      0%      Default |
|                                         |                      |                  N/A |
+-----------------------------------------+----------------------+----------------------+
|   3  NVIDIA RTX A6000               On  | 00000000:61:00.0 Off |                  Off |
| 30%   44C    P2              77W / 300W |  29718MiB / 49140MiB |      0%      Default |
|                                         |                      |                  N/A |
+-----------------------------------------+----------------------+----------------------+
|   4  NVIDIA RTX A6000               On  | 00000000:81:00.0 Off |                  Off |
| 58%   84C    P2             294W / 300W |  35546MiB / 49140MiB |     99%      Default |
|                                         |                      |                  N/A |
+-----------------------------------------+----------------------+----------------------+
|   5  NVIDIA RTX A6000               On  | 00000000:A1:00.0 Off |                  Off |
| 51%   77C    P2             289W / 300W |  45202MiB / 49140MiB |     98%      Default |
|                                         |                      |                  N/A |
+-----------------------------------------+----------------------+----------------------+
|   6  NVIDIA RTX A6000               On  | 00000000:C1:00.0 Off |                  Off |
|100%   91C    P2             266W / 300W |  46680MiB / 49140MiB |     99%      Default |
|                                         |                      |                  N/A |
+-----------------------------------------+----------------------+----------------------+
|   7  NVIDIA RTX A6000               On  | 00000000:E1:00.0 Off |                  Off |
|100%   88C    P2             259W / 300W |  42560MiB / 49140MiB |     97%      Default |
|                                         |                      |                  N/A |
+-----------------------------------------+----------------------+----------------------+
                                                                                         
+---------------------------------------------------------------------------------------+
| Processes:                                                                            |
|  GPU   GI   CI        PID   Type   Process name                            GPU Memory |
|        ID   ID                                                             Usage      |
|=======================================================================================|
+---------------------------------------------------------------------------------------+
/home/sakaya/.local/bin/pip
  × Failed to build `chumpy==0.70`
  ├─▶ The build backend returned an error
  ╰─▶ Call to `setuptools.build_meta:__legacy__.prepare_metadata_for_build_wheel` failed (exit
      status: 1)

      [stderr]
      /home/sakaya/TFG_RelatedWork/.venv/lib/python3.9/site-packages/_distutils_hack/__init__.py:53:
      UserWarning: Reliance on distutils from stdlib is deprecated. Users must rely on
      setuptools to provide the distutils module. Avoid importing distutils or import
      setuptools first, and avoid setting SETUPTOOLS_USE_DISTUTILS=stdlib. Register concerns at
      https://github.com/pypa/setuptools/issues/new?template=distutils-deprecation.yml
        warnings.warn(
      Traceback (most recent call last):
        File "<string>", line 9, in <module>
      ModuleNotFoundError: No module named 'pip'

      During handling of the above exception, another exception occurred:

      Traceback (most recent call last):
        File "<string>", line 14, in <module>
        File
      "/home/sakaya/TFG_RelatedWork/.venv/lib/python3.9/site-packages/setuptools/build_meta.py",
      line 377, in prepare_metadata_for_build_wheel
          self.run_setup()
        File
      "/home/sakaya/TFG_RelatedWork/.venv/lib/python3.9/site-packages/setuptools/build_meta.py",
      line 522, in run_setup
          super().run_setup(setup_script=setup_script)
        File
      "/home/sakaya/TFG_RelatedWork/.venv/lib/python3.9/site-packages/setuptools/build_meta.py",
      line 320, in run_setup
          exec(code, locals())
        File "<string>", line 11, in <module>
      ModuleNotFoundError: No module named 'pip'

      hint: This usually indicates a problem with the package or the build environment.
  help: `chumpy` (v0.70) was included because `tfg-relatedwork[run]` (v0.1.0) depends on `chumpy`
